2020-08-28 12:18:54,497 INFO PERFORMANCE:|2|2|-1|-1

2020-08-28 12:23:54,817 INFO PERFORMANCE:|2|2|-1|-1

2020-08-28 12:28:54,826 INFO PERFORMANCE:|2|2|-1|-1

2020-08-28 12:33:54,832 INFO PERFORMANCE:|2|2|-1|-1

2020-08-28 12:38:54,847 INFO PERFORMANCE:|2|2|-1|-1

2020-08-28 12:43:54,850 INFO PERFORMANCE:|2|2|-1|-1

2020-08-28 12:48:54,854 INFO PERFORMANCE:|2|2|-1|-1

2020-08-28 12:53:54,867 INFO PERFORMANCE:|2|3|-1|-1

2020-08-28 13:36:27,186 INFO PERFORMANCE:|0|0|-1|-1

2020-08-28 19:03:11,234 INFO PERFORMANCE:|0|0|-1|-1

2020-08-28 19:08:11,240 INFO PERFORMANCE:|0|0|-1|-1

2020-08-28 19:09:08,417 INFO PERFORMANCE:|2|2|-1|-1

2020-08-28 19:43:41,223 INFO PERFORMANCE:|0|0|-1|-1

2020-08-28 19:48:41,248 INFO PERFORMANCE:|2|2|-1|-1

2020-08-28 19:53:41,254 INFO PERFORMANCE:|2|2|-1|-1

2020-08-28 19:58:41,264 INFO PERFORMANCE:|2|2|-1|-1

2020-08-28 20:03:41,272 INFO PERFORMANCE:|2|2|-1|-1

2020-08-28 20:08:41,274 INFO PERFORMANCE:|2|2|-1|-1

2020-08-28 20:13:41,282 INFO PERFORMANCE:|2|2|-1|-1

2020-08-28 20:18:41,287 INFO PERFORMANCE:|2|2|-1|-1

2020-08-28 20:23:41,290 INFO PERFORMANCE:|2|0|-1|-1

2020-08-28 20:28:41,299 INFO PERFORMANCE:|2|2|-1|-1

2020-08-28 20:33:41,310 INFO PERFORMANCE:|2|2|-1|-1

2020-08-28 20:38:41,314 INFO PERFORMANCE:|2|2|-1|-1

2020-08-28 20:43:41,320 INFO PERFORMANCE:|2|2|-1|-1

2020-08-28 20:48:41,323 INFO PERFORMANCE:|2|2|-1|-1

2020-08-28 20:53:41,326 INFO PERFORMANCE:|4|2|-1|-1

2020-08-28 20:58:41,333 INFO PERFORMANCE:|4|2|-1|-1

2020-08-28 21:03:41,338 INFO PERFORMANCE:|4|2|-1|-1

2020-08-28 21:08:41,339 INFO PERFORMANCE:|5|2|-1|-1

2020-08-28 21:13:41,345 INFO PERFORMANCE:|5|2|-1|-1

2020-08-28 21:18:41,347 INFO PERFORMANCE:|5|2|-1|-1

2020-08-28 21:23:41,361 INFO PERFORMANCE:|5|2|-1|-1

2020-08-28 21:28:41,373 INFO PERFORMANCE:|5|2|-1|-1

